<?xml version="1.0" encoding="UTF-8"?>
<testng-results ignored="0" total="1" passed="1" failed="0" skipped="0">
  <reporter-output>
  </reporter-output>
  <suite started-at="2022-09-09T16:46:17 IST" name="Default suite" finished-at="2022-09-09T16:46:45 IST" duration-ms="28174">
    <groups>
    </groups>
    <test started-at="2022-09-09T16:46:17 IST" name="Default test" finished-at="2022-09-09T16:46:45 IST" duration-ms="28174">
      <class name="org.devaseva.DevaSevaAppTestCase2">
        <test-method is-config="true" signature="suiteSetUp()[pri:0, instance:org.devaseva.DevaSevaAppTestCase2@5a59ca5e]" started-at="2022-09-09T16:46:17 IST" name="suiteSetUp" finished-at="2022-09-09T16:46:17 IST" duration-ms="7" status="PASS">
          <reporter-output>
          </reporter-output>
        </test-method> <!-- suiteSetUp -->
        <test-method is-config="true" signature="methodSetUp()[pri:0, instance:org.devaseva.DevaSevaAppTestCase2@5a59ca5e]" started-at="2022-09-09T16:46:17 IST" name="methodSetUp" finished-at="2022-09-09T16:46:29 IST" duration-ms="11685" status="PASS">
          <reporter-output>
          </reporter-output>
        </test-method> <!-- methodSetUp -->
        <test-method signature="TestCase1()[pri:0, instance:org.devaseva.DevaSevaAppTestCase2@5a59ca5e]" started-at="2022-09-09T16:46:29 IST" name="TestCase1" finished-at="2022-09-09T16:46:45 IST" duration-ms="15918" status="PASS">
          <reporter-output>
          </reporter-output>
        </test-method> <!-- TestCase1 -->
        <test-method is-config="true" signature="methodTearDown()[pri:0, instance:org.devaseva.DevaSevaAppTestCase2@5a59ca5e]" started-at="2022-09-09T16:46:45 IST" name="methodTearDown" finished-at="2022-09-09T16:46:45 IST" duration-ms="278" status="PASS">
          <reporter-output>
          </reporter-output>
        </test-method> <!-- methodTearDown -->
        <test-method is-config="true" signature="suiteTearDown()[pri:0, instance:org.devaseva.DevaSevaAppTestCase2@5a59ca5e]" started-at="2022-09-09T16:46:45 IST" name="suiteTearDown" finished-at="2022-09-09T16:46:45 IST" duration-ms="1" status="PASS">
          <reporter-output>
          </reporter-output>
        </test-method> <!-- suiteTearDown -->
        <test-method is-config="true" signature="suiteTearDown()[pri:0, instance:org.devaseva.DevaSevaAppTestCase2@5a59ca5e]" started-at="2022-09-09T16:46:45 IST" name="suiteTearDown" finished-at="2022-09-09T16:46:45 IST" duration-ms="0" status="PASS">
          <reporter-output>
          </reporter-output>
        </test-method> <!-- suiteTearDown -->
      </class> <!-- org.devaseva.DevaSevaAppTestCase2 -->
    </test> <!-- Default test -->
  </suite> <!-- Default suite -->
</testng-results>
