<?xml version="1.0" encoding="UTF-8"?>
<testng-results ignored="0" total="1" passed="1" failed="0" skipped="0">
  <reporter-output>
  </reporter-output>
  <suite started-at="2022-09-08T17:32:11 IST" name="Default suite" finished-at="2022-09-08T17:32:46 IST" duration-ms="35242">
    <groups>
    </groups>
    <test started-at="2022-09-08T17:32:11 IST" name="Default test" finished-at="2022-09-08T17:32:46 IST" duration-ms="35242">
      <class name="org.Dream11.DevaSevaAppTestCase1">
        <test-method is-config="true" signature="suiteSetUp()[pri:0, instance:org.Dream11.DevaSevaAppTestCase1@5a59ca5e]" started-at="2022-09-08T17:32:11 IST" name="suiteSetUp" finished-at="2022-09-08T17:32:11 IST" duration-ms="7" status="PASS">
          <reporter-output>
          </reporter-output>
        </test-method> <!-- suiteSetUp -->
        <test-method is-config="true" signature="methodSetUp()[pri:0, instance:org.Dream11.DevaSevaAppTestCase1@5a59ca5e]" started-at="2022-09-08T17:32:11 IST" name="methodSetUp" finished-at="2022-09-08T17:32:22 IST" duration-ms="10850" status="PASS">
          <reporter-output>
          </reporter-output>
        </test-method> <!-- methodSetUp -->
        <test-method signature="TestCase1()[pri:0, instance:org.Dream11.DevaSevaAppTestCase1@5a59ca5e]" started-at="2022-09-08T17:32:22 IST" name="TestCase1" finished-at="2022-09-08T17:32:46 IST" duration-ms="23873" status="PASS">
          <reporter-output>
          </reporter-output>
        </test-method> <!-- TestCase1 -->
        <test-method is-config="true" signature="methodTearDown()[pri:0, instance:org.Dream11.DevaSevaAppTestCase1@5a59ca5e]" started-at="2022-09-08T17:32:46 IST" name="methodTearDown" finished-at="2022-09-08T17:32:46 IST" duration-ms="230" status="PASS">
          <reporter-output>
          </reporter-output>
        </test-method> <!-- methodTearDown -->
        <test-method is-config="true" signature="suiteTearDown()[pri:0, instance:org.Dream11.DevaSevaAppTestCase1@5a59ca5e]" started-at="2022-09-08T17:32:46 IST" name="suiteTearDown" finished-at="2022-09-08T17:32:46 IST" duration-ms="0" status="PASS">
          <reporter-output>
          </reporter-output>
        </test-method> <!-- suiteTearDown -->
        <test-method is-config="true" signature="suiteTearDown()[pri:0, instance:org.Dream11.DevaSevaAppTestCase1@5a59ca5e]" started-at="2022-09-08T17:32:47 IST" name="suiteTearDown" finished-at="2022-09-08T17:32:47 IST" duration-ms="0" status="PASS">
          <reporter-output>
          </reporter-output>
        </test-method> <!-- suiteTearDown -->
      </class> <!-- org.Dream11.DevaSevaAppTestCase1 -->
    </test> <!-- Default test -->
  </suite> <!-- Default suite -->
</testng-results>
